<?xml version="1.0" encoding="UTF-8"?>
<coverage generated="1591002598798" clover="3.2.0">
  <project timestamp="1591002598798" name="All files">
    <metrics statements="51" coveredstatements="49" conditionals="22" coveredconditionals="20" methods="29" coveredmethods="29" elements="102" coveredelements="98" complexity="0" loc="51" ncloc="51" packages="5" files="5" classes="5"/>
    <package name="MessageBox">
      <metrics statements="1" coveredstatements="1" conditionals="6" coveredconditionals="6" methods="1" coveredmethods="1"/>
      <file name="index.vue" path="/Users/maikhelsing/Documents/FTI/sennder/src/components/MessageBox/index.vue">
        <metrics statements="1" coveredstatements="1" conditionals="6" coveredconditionals="6" methods="1" coveredmethods="1"/>
        <line num="26" count="15" type="stmt"/>
      </file>
    </package>
    <package name="SalaryInput">
      <metrics statements="10" coveredstatements="10" conditionals="6" coveredconditionals="6" methods="8" coveredmethods="8"/>
      <file name="index.vue" path="/Users/maikhelsing/Documents/FTI/sennder/src/components/SalaryInput/index.vue">
        <metrics statements="10" coveredstatements="10" conditionals="6" coveredconditionals="6" methods="8" coveredmethods="8"/>
        <line num="19" count="55" type="stmt"/>
        <line num="34" count="17" type="stmt"/>
        <line num="41" count="18" type="cond" truecount="2" falsecount="0"/>
        <line num="44" count="45" type="stmt"/>
        <line num="47" count="45" type="cond" truecount="2" falsecount="0"/>
        <line num="52" count="31" type="cond" truecount="2" falsecount="0"/>
        <line num="53" count="31" type="stmt"/>
        <line num="56" count="14" type="stmt"/>
        <line num="61" count="14" type="stmt"/>
        <line num="62" count="14" type="stmt"/>
      </file>
    </package>
    <package name="SalaryNegotiation">
      <metrics statements="32" coveredstatements="30" conditionals="10" coveredconditionals="8" methods="12" coveredmethods="12"/>
      <file name="index.vue" path="/Users/maikhelsing/Documents/FTI/sennder/src/components/SalaryNegotiation/index.vue">
        <metrics statements="32" coveredstatements="30" conditionals="10" coveredconditionals="8" methods="12" coveredmethods="12"/>
        <line num="50" count="1" type="stmt"/>
        <line num="51" count="1" type="stmt"/>
        <line num="52" count="1" type="stmt"/>
        <line num="53" count="1" type="stmt"/>
        <line num="65" count="52" type="cond" truecount="1" falsecount="1"/>
        <line num="66" count="0" type="stmt"/>
        <line num="69" count="52" type="stmt"/>
        <line num="75" count="52" type="stmt"/>
        <line num="78" count="17" type="cond" truecount="1" falsecount="1"/>
        <line num="79" count="0" type="stmt"/>
        <line num="82" count="17" type="stmt"/>
        <line num="86" count="7" type="stmt"/>
        <line num="94" count="20" type="cond" truecount="2" falsecount="0"/>
        <line num="97" count="20" type="stmt"/>
        <line num="101" count="7" type="stmt"/>
        <line num="104" count="7" type="stmt"/>
        <line num="108" count="1" type="stmt"/>
        <line num="109" count="1" type="stmt"/>
        <line num="112" count="12" type="stmt"/>
        <line num="114" count="6" type="stmt"/>
        <line num="115" count="6" type="stmt"/>
        <line num="118" count="6" type="stmt"/>
        <line num="119" count="6" type="stmt"/>
        <line num="123" count="7" type="stmt"/>
        <line num="124" count="7" type="stmt"/>
        <line num="125" count="7" type="stmt"/>
        <line num="127" count="7" type="cond" truecount="2" falsecount="0"/>
        <line num="128" count="1" type="stmt"/>
        <line num="131" count="6" type="stmt"/>
        <line num="132" count="6" type="stmt"/>
        <line num="135" count="6" type="stmt"/>
        <line num="137" count="1" type="stmt"/>
      </file>
    </package>
    <package name="Tab">
      <metrics statements="3" coveredstatements="3" conditionals="0" coveredconditionals="0" methods="3" coveredmethods="3"/>
      <file name="index.vue" path="/Users/maikhelsing/Documents/FTI/sennder/src/components/Tab/index.vue">
        <metrics statements="3" coveredstatements="3" conditionals="0" coveredconditionals="0" methods="3" coveredmethods="3"/>
        <line num="21" count="1" type="stmt"/>
        <line num="27" count="2" type="stmt"/>
        <line num="31" count="1" type="stmt"/>
      </file>
    </package>
    <package name="Tabs">
      <metrics statements="5" coveredstatements="5" conditionals="0" coveredconditionals="0" methods="5" coveredmethods="5"/>
      <file name="index.vue" path="/Users/maikhelsing/Documents/FTI/sennder/src/components/Tabs/index.vue">
        <metrics statements="5" coveredstatements="5" conditionals="0" coveredconditionals="0" methods="5" coveredmethods="5"/>
        <line num="30" count="28" type="stmt"/>
        <line num="35" count="2" type="stmt"/>
        <line num="40" count="2" type="stmt"/>
        <line num="44" count="1" type="stmt"/>
        <line num="45" count="2" type="stmt"/>
      </file>
    </package>
  </project>
</coverage>
