{"/Users/maikhelsing/Documents/FTI/sennder/src/components/MessageBox/index.vue": {"path":"/Users/maikhelsing/Documents/FTI/sennder/src/components/MessageBox/index.vue","statementMap":{"0":{"start":{"line":26,"column":0},"end":{"line":26,"column":null}}},"fnMap":{"0":{"name":"(anonymous_1)","decl":{"start":{"line":25,"column":0},"end":{"line":25,"column":null}},"loc":{"start":{"line":25,"column":0},"end":{"line":31,"column":null}}}},"branchMap":{"0":{"loc":{"start":{"line":27,"column":0},"end":{"line":27,"column":null}},"type":"cond-expr","locations":[{"start":{"line":27,"column":0},"end":{"line":27,"column":null}},{"start":{"line":27,"column":0},"end":{"line":27,"column":null}}]},"1":{"loc":{"start":{"line":28,"column":0},"end":{"line":28,"column":null}},"type":"cond-expr","locations":[{"start":{"line":28,"column":0},"end":{"line":28,"column":null}},{"start":{"line":28,"column":0},"end":{"line":28,"column":null}}]},"2":{"loc":{"start":{"line":29,"column":0},"end":{"line":29,"column":null}},"type":"cond-expr","locations":[{"start":{"line":29,"column":0},"end":{"line":29,"column":null}},{"start":{"line":29,"column":0},"end":{"line":29,"column":null}}]}},"s":{"0":15},"f":{"0":15},"b":{"0":[7,8],"1":[7,8],"2":[7,8]}}
,"/Users/maikhelsing/Documents/FTI/sennder/src/components/SalaryInput/index.vue": {"path":"/Users/maikhelsing/Documents/FTI/sennder/src/components/SalaryInput/index.vue","statementMap":{"0":{"start":{"line":19,"column":0},"end":{"line":19,"column":null}},"1":{"start":{"line":34,"column":0},"end":{"line":34,"column":null}},"2":{"start":{"line":41,"column":0},"end":{"line":41,"column":null}},"3":{"start":{"line":44,"column":0},"end":{"line":44,"column":null}},"4":{"start":{"line":47,"column":0},"end":{"line":47,"column":null}},"5":{"start":{"line":52,"column":0},"end":{"line":52,"column":null}},"6":{"start":{"line":53,"column":0},"end":{"line":53,"column":null}},"7":{"start":{"line":56,"column":0},"end":{"line":56,"column":null}},"8":{"start":{"line":61,"column":0},"end":{"line":63,"column":null}},"9":{"start":{"line":62,"column":0},"end":{"line":62,"column":null}}},"fnMap":{"0":{"name":"(anonymous_1)","decl":{"start":{"line":18,"column":0},"end":{"line":18,"column":null}},"loc":{"start":{"line":18,"column":0},"end":{"line":20,"column":null}}},"1":{"name":"(anonymous_2)","decl":{"start":{"line":33,"column":0},"end":{"line":33,"column":null}},"loc":{"start":{"line":33,"column":0},"end":{"line":38,"column":null}}},"2":{"name":"(anonymous_3)","decl":{"start":{"line":40,"column":0},"end":{"line":40,"column":null}},"loc":{"start":{"line":40,"column":0},"end":{"line":42,"column":null}}},"3":{"name":"(anonymous_4)","decl":{"start":{"line":43,"column":0},"end":{"line":43,"column":null}},"loc":{"start":{"line":43,"column":0},"end":{"line":45,"column":null}}},"4":{"name":"(anonymous_5)","decl":{"start":{"line":46,"column":0},"end":{"line":46,"column":null}},"loc":{"start":{"line":46,"column":0},"end":{"line":48,"column":null}}},"5":{"name":"(anonymous_6)","decl":{"start":{"line":51,"column":0},"end":{"line":51,"column":null}},"loc":{"start":{"line":51,"column":0},"end":{"line":54,"column":null}}},"6":{"name":"(anonymous_7)","decl":{"start":{"line":55,"column":0},"end":{"line":55,"column":null}},"loc":{"start":{"line":55,"column":0},"end":{"line":64,"column":null}}},"7":{"name":"(anonymous_8)","decl":{"start":{"line":61,"column":0},"end":{"line":61,"column":null}},"loc":{"start":{"line":61,"column":0},"end":{"line":63,"column":null}}}},"branchMap":{"0":{"loc":{"start":{"line":41,"column":0},"end":{"line":41,"column":null}},"type":"cond-expr","locations":[{"start":{"line":41,"column":0},"end":{"line":41,"column":null}},{"start":{"line":41,"column":0},"end":{"line":41,"column":null}}]},"1":{"loc":{"start":{"line":47,"column":0},"end":{"line":47,"column":null}},"type":"binary-expr","locations":[{"start":{"line":47,"column":0},"end":{"line":47,"column":null}},{"start":{"line":47,"column":0},"end":{"line":47,"column":null}}]},"2":{"loc":{"start":{"line":52,"column":0},"end":{"line":52,"column":null}},"type":"cond-expr","locations":[{"start":{"line":52,"column":0},"end":{"line":52,"column":null}},{"start":{"line":52,"column":0},"end":{"line":52,"column":null}}]}},"s":{"0":55,"1":17,"2":18,"3":45,"4":45,"5":31,"6":31,"7":14,"8":14,"9":14},"f":{"0":55,"1":17,"2":18,"3":45,"4":45,"5":31,"6":14,"7":14},"b":{"0":[10,8],"1":[45,26],"2":[12,19]}}
,"/Users/maikhelsing/Documents/FTI/sennder/src/components/SalaryNegotiation/index.vue": {"path":"/Users/maikhelsing/Documents/FTI/sennder/src/components/SalaryNegotiation/index.vue","statementMap":{"0":{"start":{"line":50,"column":0},"end":{"line":50,"column":null}},"1":{"start":{"line":51,"column":0},"end":{"line":51,"column":null}},"2":{"start":{"line":52,"column":0},"end":{"line":52,"column":null}},"3":{"start":{"line":53,"column":0},"end":{"line":53,"column":null}},"4":{"start":{"line":65,"column":0},"end":{"line":67,"column":null}},"5":{"start":{"line":66,"column":0},"end":{"line":66,"column":null}},"6":{"start":{"line":69,"column":0},"end":{"line":69,"column":null}},"7":{"start":{"line":75,"column":0},"end":{"line":75,"column":null}},"8":{"start":{"line":78,"column":0},"end":{"line":80,"column":null}},"9":{"start":{"line":79,"column":0},"end":{"line":79,"column":null}},"10":{"start":{"line":82,"column":0},"end":{"line":82,"column":null}},"11":{"start":{"line":86,"column":0},"end":{"line":86,"column":null}},"12":{"start":{"line":94,"column":0},"end":{"line":94,"column":null}},"13":{"start":{"line":97,"column":0},"end":{"line":97,"column":null}},"14":{"start":{"line":101,"column":0},"end":{"line":101,"column":null}},"15":{"start":{"line":104,"column":0},"end":{"line":104,"column":null}},"16":{"start":{"line":108,"column":0},"end":{"line":108,"column":null}},"17":{"start":{"line":109,"column":0},"end":{"line":109,"column":null}},"18":{"start":{"line":112,"column":0},"end":{"line":112,"column":null}},"19":{"start":{"line":114,"column":0},"end":{"line":114,"column":null}},"20":{"start":{"line":115,"column":0},"end":{"line":115,"column":null}},"21":{"start":{"line":118,"column":0},"end":{"line":118,"column":null}},"22":{"start":{"line":119,"column":0},"end":{"line":119,"column":null}},"23":{"start":{"line":123,"column":0},"end":{"line":123,"column":null}},"24":{"start":{"line":124,"column":0},"end":{"line":138,"column":null}},"25":{"start":{"line":125,"column":0},"end":{"line":132,"column":null}},"26":{"start":{"line":127,"column":0},"end":{"line":129,"column":null}},"27":{"start":{"line":128,"column":0},"end":{"line":128,"column":null}},"28":{"start":{"line":131,"column":0},"end":{"line":131,"column":null}},"29":{"start":{"line":132,"column":0},"end":{"line":132,"column":null}},"30":{"start":{"line":135,"column":0},"end":{"line":135,"column":null}},"31":{"start":{"line":137,"column":0},"end":{"line":137,"column":null}}},"fnMap":{"0":{"name":"(anonymous_1)","decl":{"start":{"line":64,"column":0},"end":{"line":64,"column":null}},"loc":{"start":{"line":64,"column":0},"end":{"line":76,"column":null}}},"1":{"name":"(anonymous_2)","decl":{"start":{"line":77,"column":0},"end":{"line":77,"column":null}},"loc":{"start":{"line":77,"column":0},"end":{"line":83,"column":null}}},"2":{"name":"(anonymous_3)","decl":{"start":{"line":85,"column":0},"end":{"line":85,"column":null}},"loc":{"start":{"line":85,"column":0},"end":{"line":91,"column":null}}},"3":{"name":"(anonymous_4)","decl":{"start":{"line":93,"column":0},"end":{"line":93,"column":null}},"loc":{"start":{"line":93,"column":0},"end":{"line":95,"column":null}}},"4":{"name":"(anonymous_5)","decl":{"start":{"line":96,"column":0},"end":{"line":96,"column":null}},"loc":{"start":{"line":96,"column":0},"end":{"line":98,"column":null}}},"5":{"name":"(anonymous_6)","decl":{"start":{"line":100,"column":0},"end":{"line":100,"column":null}},"loc":{"start":{"line":100,"column":0},"end":{"line":102,"column":null}}},"6":{"name":"(anonymous_7)","decl":{"start":{"line":103,"column":0},"end":{"line":103,"column":null}},"loc":{"start":{"line":103,"column":0},"end":{"line":105,"column":null}}},"7":{"name":"(anonymous_8)","decl":{"start":{"line":107,"column":0},"end":{"line":107,"column":null}},"loc":{"start":{"line":107,"column":0},"end":{"line":110,"column":null}}},"8":{"name":"(anonymous_9)","decl":{"start":{"line":111,"column":0},"end":{"line":111,"column":null}},"loc":{"start":{"line":111,"column":0},"end":{"line":121,"column":null}}},"9":{"name":"(anonymous_10)","decl":{"start":{"line":122,"column":0},"end":{"line":122,"column":null}},"loc":{"start":{"line":122,"column":0},"end":{"line":139,"column":null}}},"10":{"name":"(anonymous_11)","decl":{"start":{"line":125,"column":0},"end":{"line":125,"column":null}},"loc":{"start":{"line":125,"column":0},"end":{"line":132,"column":null}}},"11":{"name":"(anonymous_12)","decl":{"start":{"line":132,"column":0},"end":{"line":132,"column":null}},"loc":{"start":{"line":132,"column":0},"end":{"line":132,"column":null}}}},"branchMap":{"0":{"loc":{"start":{"line":65,"column":0},"end":{"line":67,"column":null}},"type":"if","locations":[{"start":{"line":65,"column":0},"end":{"line":67,"column":null}},{"start":{"line":65,"column":0},"end":{"line":67,"column":null}}]},"1":{"loc":{"start":{"line":78,"column":0},"end":{"line":80,"column":null}},"type":"if","locations":[{"start":{"line":78,"column":0},"end":{"line":80,"column":null}},{"start":{"line":78,"column":0},"end":{"line":80,"column":null}}]},"2":{"loc":{"start":{"line":94,"column":0},"end":{"line":94,"column":null}},"type":"binary-expr","locations":[{"start":{"line":94,"column":0},"end":{"line":94,"column":null}},{"start":{"line":94,"column":0},"end":{"line":94,"column":null}}]},"3":{"loc":{"start":{"line":113,"column":0},"end":{"line":115,"column":null}},"type":"switch","locations":[{"start":{"line":113,"column":0},"end":{"line":115,"column":null}},{"start":{"line":117,"column":0},"end":{"line":119,"column":null}}]},"4":{"loc":{"start":{"line":127,"column":0},"end":{"line":129,"column":null}},"type":"if","locations":[{"start":{"line":127,"column":0},"end":{"line":129,"column":null}},{"start":{"line":127,"column":0},"end":{"line":129,"column":null}}]}},"s":{"0":1,"1":1,"2":1,"3":1,"4":52,"5":0,"6":52,"7":52,"8":17,"9":0,"10":17,"11":7,"12":20,"13":20,"14":7,"15":7,"16":1,"17":1,"18":12,"19":6,"20":6,"21":6,"22":6,"23":7,"24":7,"25":7,"26":7,"27":1,"28":6,"29":6,"30":6,"31":1},"f":{"0":52,"1":17,"2":7,"3":20,"4":20,"5":7,"6":7,"7":1,"8":12,"9":7,"10":7,"11":6},"b":{"0":[0,52],"1":[0,17],"2":[20,12],"3":[6,6],"4":[1,6]}}
,"/Users/maikhelsing/Documents/FTI/sennder/src/components/Tab/index.vue": {"path":"/Users/maikhelsing/Documents/FTI/sennder/src/components/Tab/index.vue","statementMap":{"0":{"start":{"line":21,"column":0},"end":{"line":21,"column":null}},"1":{"start":{"line":27,"column":0},"end":{"line":27,"column":null}},"2":{"start":{"line":31,"column":0},"end":{"line":31,"column":null}}},"fnMap":{"0":{"name":"(anonymous_1)","decl":{"start":{"line":20,"column":0},"end":{"line":20,"column":null}},"loc":{"start":{"line":20,"column":0},"end":{"line":24,"column":null}}},"1":{"name":"(anonymous_2)","decl":{"start":{"line":26,"column":0},"end":{"line":26,"column":null}},"loc":{"start":{"line":26,"column":0},"end":{"line":28,"column":null}}},"2":{"name":"(anonymous_3)","decl":{"start":{"line":30,"column":0},"end":{"line":30,"column":null}},"loc":{"start":{"line":30,"column":0},"end":{"line":32,"column":null}}}},"branchMap":{},"s":{"0":1,"1":2,"2":1},"f":{"0":1,"1":2,"2":1},"b":{}}
,"/Users/maikhelsing/Documents/FTI/sennder/src/components/Tabs/index.vue": {"path":"/Users/maikhelsing/Documents/FTI/sennder/src/components/Tabs/index.vue","statementMap":{"0":{"start":{"line":30,"column":0},"end":{"line":30,"column":null}},"1":{"start":{"line":35,"column":0},"end":{"line":35,"column":null}},"2":{"start":{"line":40,"column":0},"end":{"line":40,"column":null}},"3":{"start":{"line":44,"column":0},"end":{"line":46,"column":null}},"4":{"start":{"line":45,"column":0},"end":{"line":45,"column":null}}},"fnMap":{"0":{"name":"(anonymous_1)","decl":{"start":{"line":29,"column":0},"end":{"line":29,"column":null}},"loc":{"start":{"line":29,"column":0},"end":{"line":31,"column":null}}},"1":{"name":"(anonymous_2)","decl":{"start":{"line":34,"column":0},"end":{"line":34,"column":null}},"loc":{"start":{"line":34,"column":0},"end":{"line":38,"column":null}}},"2":{"name":"(anonymous_3)","decl":{"start":{"line":39,"column":0},"end":{"line":39,"column":null}},"loc":{"start":{"line":39,"column":0},"end":{"line":41,"column":null}}},"3":{"name":"(anonymous_4)","decl":{"start":{"line":43,"column":0},"end":{"line":43,"column":null}},"loc":{"start":{"line":43,"column":0},"end":{"line":47,"column":null}}},"4":{"name":"(anonymous_5)","decl":{"start":{"line":44,"column":0},"end":{"line":44,"column":null}},"loc":{"start":{"line":44,"column":0},"end":{"line":46,"column":null}}}},"branchMap":{},"s":{"0":28,"1":2,"2":2,"3":1,"4":2},"f":{"0":28,"1":2,"2":2,"3":1,"4":2},"b":{}}
}
