TN:
SF:/Users/maikhelsing/Documents/FTI/sennder/src/components/MessageBox/index.vue
FN:25,(anonymous_1)
FNF:1
FNH:1
FNDA:15,(anonymous_1)
DA:26,15
LF:1
LH:1
BRDA:27,0,0,7
BRDA:27,0,1,8
BRDA:28,1,0,7
BRDA:28,1,1,8
BRDA:29,2,0,7
BRDA:29,2,1,8
BRF:6
BRH:6
end_of_record
TN:
SF:/Users/maikhelsing/Documents/FTI/sennder/src/components/SalaryInput/index.vue
FN:18,(anonymous_1)
FN:33,(anonymous_2)
FN:40,(anonymous_3)
FN:43,(anonymous_4)
FN:46,(anonymous_5)
FN:51,(anonymous_6)
FN:55,(anonymous_7)
FN:61,(anonymous_8)
FNF:8
FNH:8
FNDA:55,(anonymous_1)
FNDA:17,(anonymous_2)
FNDA:18,(anonymous_3)
FNDA:45,(anonymous_4)
FNDA:45,(anonymous_5)
FNDA:31,(anonymous_6)
FNDA:14,(anonymous_7)
FNDA:14,(anonymous_8)
DA:19,55
DA:34,17
DA:41,18
DA:44,45
DA:47,45
DA:52,31
DA:53,31
DA:56,14
DA:61,14
DA:62,14
LF:10
LH:10
BRDA:41,0,0,10
BRDA:41,0,1,8
BRDA:47,1,0,45
BRDA:47,1,1,26
BRDA:52,2,0,12
BRDA:52,2,1,19
BRF:6
BRH:6
end_of_record
TN:
SF:/Users/maikhelsing/Documents/FTI/sennder/src/components/SalaryNegotiation/index.vue
FN:64,(anonymous_1)
FN:77,(anonymous_2)
FN:85,(anonymous_3)
FN:93,(anonymous_4)
FN:96,(anonymous_5)
FN:100,(anonymous_6)
FN:103,(anonymous_7)
FN:107,(anonymous_8)
FN:111,(anonymous_9)
FN:122,(anonymous_10)
FN:125,(anonymous_11)
FN:132,(anonymous_12)
FNF:12
FNH:12
FNDA:52,(anonymous_1)
FNDA:17,(anonymous_2)
FNDA:7,(anonymous_3)
FNDA:20,(anonymous_4)
FNDA:20,(anonymous_5)
FNDA:7,(anonymous_6)
FNDA:7,(anonymous_7)
FNDA:1,(anonymous_8)
FNDA:12,(anonymous_9)
FNDA:7,(anonymous_10)
FNDA:7,(anonymous_11)
FNDA:6,(anonymous_12)
DA:50,1
DA:51,1
DA:52,1
DA:53,1
DA:65,52
DA:66,0
DA:69,52
DA:75,52
DA:78,17
DA:79,0
DA:82,17
DA:86,7
DA:94,20
DA:97,20
DA:101,7
DA:104,7
DA:108,1
DA:109,1
DA:112,12
DA:114,6
DA:115,6
DA:118,6
DA:119,6
DA:123,7
DA:124,7
DA:125,7
DA:127,7
DA:128,1
DA:131,6
DA:132,6
DA:135,6
DA:137,1
LF:32
LH:30
BRDA:65,0,0,0
BRDA:65,0,1,52
BRDA:78,1,0,0
BRDA:78,1,1,17
BRDA:94,2,0,20
BRDA:94,2,1,12
BRDA:113,3,0,6
BRDA:113,3,1,6
BRDA:127,4,0,1
BRDA:127,4,1,6
BRF:10
BRH:8
end_of_record
TN:
SF:/Users/maikhelsing/Documents/FTI/sennder/src/components/Tab/index.vue
FN:20,(anonymous_1)
FN:26,(anonymous_2)
FN:30,(anonymous_3)
FNF:3
FNH:3
FNDA:1,(anonymous_1)
FNDA:2,(anonymous_2)
FNDA:1,(anonymous_3)
DA:21,1
DA:27,2
DA:31,1
LF:3
LH:3
BRF:0
BRH:0
end_of_record
TN:
SF:/Users/maikhelsing/Documents/FTI/sennder/src/components/Tabs/index.vue
FN:29,(anonymous_1)
FN:34,(anonymous_2)
FN:39,(anonymous_3)
FN:43,(anonymous_4)
FN:44,(anonymous_5)
FNF:5
FNH:5
FNDA:28,(anonymous_1)
FNDA:2,(anonymous_2)
FNDA:2,(anonymous_3)
FNDA:1,(anonymous_4)
FNDA:2,(anonymous_5)
DA:30,28
DA:35,2
DA:40,2
DA:44,1
DA:45,2
LF:5
LH:5
BRF:0
BRH:0
end_of_record
